<?xml version="1.0" encoding="UTF-8"?>
<testng-results ignored="0" total="1" passed="1" failed="0" skipped="0">
  <reporter-output>
  </reporter-output>
  <suite started-at="2024-04-27T14:22:17 IST" name="Surefire suite" finished-at="2024-04-27T14:22:49 IST" duration-ms="31126">
    <groups>
    </groups>
    <test started-at="2024-04-27T14:22:17 IST" name="Surefire test" finished-at="2024-04-27T14:22:49 IST" duration-ms="31126">
      <class name="com.example.AppTest">
        <test-method is-config="true" signature="setup()[pri:0, instance:com.example.AppTest@1ed1993a]" started-at="2024-04-27T14:22:17 IST" name="setup" finished-at="2024-04-27T14:22:22 IST" duration-ms="4771" status="PASS">
          <reporter-output>
          </reporter-output>
        </test-method> <!-- setup -->
        <test-method signature="testCase1()[pri:0, instance:com.example.AppTest@1ed1993a]" started-at="2024-04-27T14:22:22 IST" name="testCase1" finished-at="2024-04-27T14:22:48 IST" duration-ms="25684" status="PASS">
          <reporter-output>
          </reporter-output>
        </test-method> <!-- testCase1 -->
        <test-method is-config="true" signature="quit()[pri:0, instance:com.example.AppTest@1ed1993a]" started-at="2024-04-27T14:22:48 IST" name="quit" finished-at="2024-04-27T14:22:49 IST" duration-ms="608" status="PASS">
          <reporter-output>
          </reporter-output>
        </test-method> <!-- quit -->
      </class> <!-- com.example.AppTest -->
    </test> <!-- Surefire test -->
  </suite> <!-- Surefire suite -->
</testng-results>
