<?xml version="1.0" encoding="UTF-8"?>
<testng-results ignored="0" total="2" passed="2" failed="0" skipped="0">
  <reporter-output>
  </reporter-output>
  <suite started-at="2024-04-29T14:42:30 IST" name="Surefire suite" finished-at="2024-04-29T14:42:59 IST" duration-ms="29327">
    <groups>
    </groups>
    <test started-at="2024-04-29T14:42:30 IST" name="Surefire test" finished-at="2024-04-29T14:42:59 IST" duration-ms="29327">
      <class name="com.example.AppTest">
        <test-method is-config="true" signature="setup()[pri:0, instance:com.example.AppTest@7219ec67]" started-at="2024-04-29T14:42:30 IST" name="setup" finished-at="2024-04-29T14:42:33 IST" duration-ms="3283" status="PASS">
          <reporter-output>
          </reporter-output>
        </test-method> <!-- setup -->
        <test-method signature="testCase1()[pri:0, instance:com.example.AppTest@7219ec67]" started-at="2024-04-29T14:42:33 IST" name="testCase1" finished-at="2024-04-29T14:42:55 IST" duration-ms="21903" status="PASS">
          <reporter-output>
          </reporter-output>
        </test-method> <!-- testCase1 -->
        <test-method signature="testCase2()[pri:1, instance:com.example.AppTest@7219ec67]" started-at="2024-04-29T14:42:55 IST" name="testCase2" finished-at="2024-04-29T14:42:58 IST" duration-ms="3321" status="PASS">
          <reporter-output>
          </reporter-output>
        </test-method> <!-- testCase2 -->
        <test-method is-config="true" signature="quitDriver()[pri:0, instance:com.example.AppTest@7219ec67]" started-at="2024-04-29T14:42:58 IST" name="quitDriver" finished-at="2024-04-29T14:42:59 IST" duration-ms="772" status="PASS">
          <reporter-output>
          </reporter-output>
        </test-method> <!-- quitDriver -->
      </class> <!-- com.example.AppTest -->
    </test> <!-- Surefire test -->
  </suite> <!-- Surefire suite -->
</testng-results>
