<?xml version="1.0" encoding="UTF-8"?>
<testng-results ignored="0" total="1" passed="1" failed="0" skipped="0">
  <reporter-output>
  </reporter-output>
  <suite started-at="2024-04-29T11:40:23 IST" name="Surefire suite" finished-at="2024-04-29T11:40:51 IST" duration-ms="27469">
    <groups>
    </groups>
    <test started-at="2024-04-29T11:40:23 IST" name="Surefire test" finished-at="2024-04-29T11:40:51 IST" duration-ms="27469">
      <class name="com.example.Testcases.LoginTest">
        <test-method is-config="true" signature="setup()[pri:0, instance:com.example.Testcases.LoginTest@4c1d9d4b]" started-at="2024-04-29T11:40:23 IST" name="setup" finished-at="2024-04-29T11:40:29 IST" duration-ms="5281" status="PASS">
          <reporter-output>
          </reporter-output>
        </test-method> <!-- setup -->
        <test-method signature="login()[pri:0, instance:com.example.Testcases.LoginTest@4c1d9d4b]" started-at="2024-04-29T11:40:29 IST" name="login" finished-at="2024-04-29T11:40:51 IST" duration-ms="21779" status="PASS">
          <reporter-output>
          </reporter-output>
        </test-method> <!-- login -->
        <test-method is-config="true" signature="quitDriver()[pri:0, instance:com.example.Testcases.LoginTest@4c1d9d4b]" started-at="2024-04-29T11:40:51 IST" name="quitDriver" finished-at="2024-04-29T11:40:51 IST" duration-ms="375" status="PASS">
          <reporter-output>
          </reporter-output>
        </test-method> <!-- quitDriver -->
      </class> <!-- com.example.Testcases.LoginTest -->
    </test> <!-- Surefire test -->
  </suite> <!-- Surefire suite -->
</testng-results>
